Library/Bee/Android/Prj/Mono2x/Gradle/launcher/build/intermediates/manifest_merge_blame_file/release/manifest-merger-blame-release-report.txt
1<?xml version="1.0" encoding="utf-8"?>
2<manifest xmlns:android="http://schemas.android.com/apk/res/android"
3    package="com.DPWorld.Multiplayer_learning"
4    android:installLocation="auto"
5    android:versionCode="1"
6    android:versionName="0.1" >
7
8    <uses-sdk
9        android:minSdkVersion="23"
9-->src/main/AndroidManifest.xml
10        android:targetSdkVersion="30" />
10-->src/main/AndroidManifest.xml
11
12    <supports-screens
12-->src/main/AndroidManifest.xml:3:3-163
13        android:anyDensity="true"
13-->src/main/AndroidManifest.xml:3:135-160
14        android:largeScreens="true"
14-->src/main/AndroidManifest.xml:3:78-105
15        android:normalScreens="true"
15-->src/main/AndroidManifest.xml:3:49-77
16        android:smallScreens="true"
16-->src/main/AndroidManifest.xml:3:21-48
17        android:xlargeScreens="true" />
17-->src/main/AndroidManifest.xml:3:106-134
18
19    <uses-feature android:glEsVersion="0x00030000" />
19-->[:unityLibrary] AndroidManifest.xml:13:5-54
19-->[:unityLibrary] AndroidManifest.xml:13:19-51
20
21    <supports-gl-texture android:name="GL_KHR_texture_compression_astc_ldr" />
21-->[:unityLibrary] AndroidManifest.xml:15:5-79
21-->[:unityLibrary] AndroidManifest.xml:15:26-76
22
23    <uses-permission android:name="android.permission.INTERNET" />
23-->[:unityLibrary] AndroidManifest.xml:17:5-67
23-->[:unityLibrary] AndroidManifest.xml:17:22-64
24
25    <uses-feature
25-->[:unityLibrary] AndroidManifest.xml:19:5-21:36
26        android:name="android.hardware.touchscreen"
26-->[:unityLibrary] AndroidManifest.xml:20:9-52
27        android:required="false" />
27-->[:unityLibrary] AndroidManifest.xml:21:9-33
28    <uses-feature
28-->[:unityLibrary] AndroidManifest.xml:22:5-24:36
29        android:name="android.hardware.touchscreen.multitouch"
29-->[:unityLibrary] AndroidManifest.xml:23:9-63
30        android:required="false" />
30-->[:unityLibrary] AndroidManifest.xml:24:9-33
31    <uses-feature
31-->[:unityLibrary] AndroidManifest.xml:25:5-27:36
32        android:name="android.hardware.touchscreen.multitouch.distinct"
32-->[:unityLibrary] AndroidManifest.xml:26:9-72
33        android:required="false" />
33-->[:unityLibrary] AndroidManifest.xml:27:9-33
34    <uses-feature
34-->[:unityLibrary] AndroidManifest.xml:28:5-31:31
35        android:name="android.hardware.vr.headtracking"
35-->[:unityLibrary] AndroidManifest.xml:29:9-56
36        android:required="true"
36-->[:unityLibrary] AndroidManifest.xml:30:9-32
37        android:version="1" />
37-->[:unityLibrary] AndroidManifest.xml:31:9-28
38
39    <application
39-->src/main/AndroidManifest.xml:4:3-83
40        android:extractNativeLibs="true"
40-->[:unityLibrary] AndroidManifest.xml:33:18-50
41        android:icon="@mipmap/app_icon"
41-->src/main/AndroidManifest.xml:4:49-80
42        android:label="@string/app_name" >
42-->src/main/AndroidManifest.xml:4:16-48
43        <activity
43-->[:unityLibrary] AndroidManifest.xml:34:9-58:20
44            android:name="com.unity3d.player.UnityPlayerActivity"
44-->[:unityLibrary] AndroidManifest.xml:35:13-66
45            android:configChanges="keyboard|keyboardHidden|navigation|orientation|screenLayout|screenSize|uiMode"
45-->[:unityLibrary] AndroidManifest.xml:36:13-114
46            android:hardwareAccelerated="false"
46-->[:unityLibrary] AndroidManifest.xml:37:13-48
47            android:launchMode="singleTask"
47-->[:unityLibrary] AndroidManifest.xml:38:13-44
48            android:resizeableActivity="false"
48-->[:unityLibrary] AndroidManifest.xml:39:13-47
49            android:screenOrientation="landscape"
49-->[:unityLibrary] AndroidManifest.xml:40:13-50
50            android:theme="@android:style/Theme.Black.NoTitleBar.Fullscreen" >
50-->[:unityLibrary] AndroidManifest.xml:41:13-77
51            <intent-filter>
51-->[:unityLibrary] AndroidManifest.xml:42:13-47:29
52                <action android:name="android.intent.action.MAIN" />
52-->[:unityLibrary] AndroidManifest.xml:43:17-69
52-->[:unityLibrary] AndroidManifest.xml:43:25-66
53
54                <category android:name="android.intent.category.LAUNCHER" />
54-->[:unityLibrary] AndroidManifest.xml:45:17-77
54-->[:unityLibrary] AndroidManifest.xml:45:27-74
55                <category android:name="com.oculus.intent.category.VR" />
55-->[:unityLibrary] AndroidManifest.xml:46:17-74
55-->[:unityLibrary] AndroidManifest.xml:46:27-71
56            </intent-filter>
57
58            <meta-data
58-->[:unityLibrary] AndroidManifest.xml:49:13-51:40
59                android:name="unityplayer.UnityActivity"
59-->[:unityLibrary] AndroidManifest.xml:50:17-57
60                android:value="true" />
60-->[:unityLibrary] AndroidManifest.xml:51:17-37
61            <meta-data
61-->[:unityLibrary] AndroidManifest.xml:52:13-54:40
62                android:name="android.notch_support"
62-->[:unityLibrary] AndroidManifest.xml:53:17-53
63                android:value="true" />
63-->[:unityLibrary] AndroidManifest.xml:54:17-37
64            <meta-data
64-->[:unityLibrary] AndroidManifest.xml:55:13-57:40
65                android:name="com.oculus.vr.focusaware"
65-->[:unityLibrary] AndroidManifest.xml:56:17-56
66                android:value="true" />
66-->[:unityLibrary] AndroidManifest.xml:57:17-37
67        </activity>
68
69        <meta-data
69-->[:unityLibrary] AndroidManifest.xml:60:9-62:33
70            android:name="unity.splash-mode"
70-->[:unityLibrary] AndroidManifest.xml:61:13-45
71            android:value="0" />
71-->[:unityLibrary] AndroidManifest.xml:62:13-30
72        <meta-data
72-->[:unityLibrary] AndroidManifest.xml:63:9-65:36
73            android:name="unity.splash-enable"
73-->[:unityLibrary] AndroidManifest.xml:64:13-47
74            android:value="True" />
74-->[:unityLibrary] AndroidManifest.xml:65:13-33
75        <meta-data
75-->[:unityLibrary] AndroidManifest.xml:66:9-68:36
76            android:name="unity.launch-fullscreen"
76-->[:unityLibrary] AndroidManifest.xml:67:13-51
77            android:value="True" />
77-->[:unityLibrary] AndroidManifest.xml:68:13-33
78        <meta-data
78-->[:unityLibrary] AndroidManifest.xml:69:9-71:37
79            android:name="unity.allow-resizable-window"
79-->[:unityLibrary] AndroidManifest.xml:70:13-56
80            android:value="False" />
80-->[:unityLibrary] AndroidManifest.xml:71:13-34
81        <meta-data
81-->[:unityLibrary] AndroidManifest.xml:72:9-74:50
82            android:name="notch.config"
82-->[:unityLibrary] AndroidManifest.xml:73:13-40
83            android:value="portrait|landscape" />
83-->[:unityLibrary] AndroidManifest.xml:74:13-47
84        <meta-data
84-->[:unityLibrary] AndroidManifest.xml:75:9-77:39
85            android:name="com.samsung.android.vr.application.mode"
85-->[:unityLibrary] AndroidManifest.xml:76:13-67
86            android:value="vr_only" />
86-->[:unityLibrary] AndroidManifest.xml:77:13-36
87        <meta-data
87-->[:unityLibrary] AndroidManifest.xml:78:9-80:37
88            android:name="com.unity.xr.oculus.LowOverheadMode"
88-->[:unityLibrary] AndroidManifest.xml:79:13-63
89            android:value="false" />
89-->[:unityLibrary] AndroidManifest.xml:80:13-34
90        <meta-data
90-->[:unityLibrary] AndroidManifest.xml:81:9-83:37
91            android:name="com.unity.xr.oculus.LateLatching"
91-->[:unityLibrary] AndroidManifest.xml:82:13-60
92            android:value="false" />
92-->[:unityLibrary] AndroidManifest.xml:83:13-34
93        <meta-data
93-->[:unityLibrary] AndroidManifest.xml:84:9-86:37
94            android:name="com.unity.xr.oculus.LateLatchingDebug"
94-->[:unityLibrary] AndroidManifest.xml:85:13-65
95            android:value="false" />
95-->[:unityLibrary] AndroidManifest.xml:86:13-34
96        <meta-data
96-->[:unityLibrary] AndroidManifest.xml:87:9-89:44
97            android:name="com.oculus.supportedDevices"
97-->[:unityLibrary] AndroidManifest.xml:88:13-55
98            android:value="quest|quest2" />
98-->[:unityLibrary] AndroidManifest.xml:89:13-41
99    </application>
100
101</manifest>